[    0.00] Initializing cgrupsuys cse
[    0.000000 Inialzingcgup subsys cpu
[    0.000000] Initializing cgroup subsys cpuat[    0.00000Lix version 4.0-92-generic (buildd@lcy01-17) (gcc versn 5.4.0 16609 (Unt 5.0ubunu16.4.4) ) #11-UntSMP u g 10 0:04:3 UTC 2017 (Ubuntu4.4.92115-geri 4.4.76)
    0.000]omnd le:OOT_AG/boot/vmlinu-4.02-generic ot=LAB=cudimrofs ro console=tt cnsole=ttyS
[   0.00000] KERNEL supported cpus
[  0.000000]   Intel GenuineIntel
[    0.000000]   AMD AuthenticAMD
[    0.000000]   Centaur CentaurHauls
[    0.000000] x86/fpu: xstate_offset[2]:  576, xstate_sizes[2]:  256
[    0.000000] x86/fpu: Supporting XSAVE feature 0x01: 'x87 floating point registers'
[    0.000000] x86/fpu: Supporting XSAVE feature 0x02: 'SSE registers'
[    0.000000] x86/fpu: Supporting XSAVE feature 0x04: 'AVX registers'
[    0.000000] x86/fpu: Enabled xstate features 0x7, context size is 832 bytes, using 'standard' format.
[    0.000000] x86/fpu: Using 'lazy' FPU context switches.
[    0.000000] e820: BIOS-provided physical RAM map:
[    0.000000] BIOS-e820: [mem 0x0000000000000000-0x000000000009fbff] usable
[    0.000000] BIOS-e820: [mem 0x000000000009fc00-0x000000000009ffff] reserved
[    0.000000] BIOS-e820: [mem 0x00000000000f0000-0x00000000000fffff] reserved
[    0.000000] BIOS-e820: [mem 0x0000000000100000-0x00000000dffeffff] usable
[  000000] BIOS-e820: [mem 0x00000fff0000-0x000000dfffff] ACPI data
[   .00000BI-e82 [m 0x00000000fec00000-0x00000000fec00fff] reserved
[    0.000000] BIOS-e820: [mem 0x00000000fee00000-0x00000000fee00fff] reserved
[    0.000000] BIOS-e820: [mem 0x00000000fffc0000-0x00000000ffffffff] reserved
[    0.000000] BIOS-e820: [mem 0x0000000100000000-0x000000021fffffff] usable
[    0.000000] NX (Execute Disable) protection: active
[    0.000000] SMBIOS 2.5 present.
[    0.000000] Hypervisor detected: KVM
[    0.000000] e820: last_pfn = 0x220000 max_arch_pfn =0x400000000
[    0.000000MT: Disabled
[    0.000000] x86/PAT: MTRRs disabled, skiinPAT itlization too.
[    0.000000] x86/PAT: Configuration [0-7]: WB  WT  UC- UC  WB  WT  UC- UC  
[    0.000000] CPU MTRRs all blank - virtualized system.
[    0.000000] e820la_pfn = 0fff0 max_ar_pfn = 0x400000000
  0.000000] found SMP MP-tablet em 0x09f0-0x0009ffff] mapped at [ffff8800fff0]
[    0.000000] Scanning 1 areas for low memorcorruption
[    0.000000] RAMIS [em 06a000-0x3755bfff]
[    0.000000] ACPI: Early table checksum verification disabled
[    0.000000] ACPI: RSDP 0x00000000000E0000 000024 (v02 VBOX  )
[    0.000000] ACPI: XSDT 0x00000000DFFF0030 00003C (v01 VBOX   VBOXXSDT 00000001 ASL  00000061)
[    0.000000] ACPI: FACP 0x00000000DFFF00F0 0000F4 (v04 VBOX   VBOXFACP 00000001 ASL  00000061)
[    .000000] ACPI: DSDT 0x000000DF0470 0021FF (v02BO  VBOXBIOS 000000 IL 201601)
[  000000] ACPI: FAC0x000000DFFF0200 000
    0.000000] ACPI: FACS 0x00000000DFFF0200 0040
[  0.0000] ACPI: APIC 0x00000000DFFF0240 00005C (v VX   VBOXAPIC 00000001 ASL  0000)
[  0.0000 AI: SSDT 0x00000000DFFF02A0 0001CC (v01 VBOX   VBOXCPUT 00000002 INTL 20160108)
[    0.000000] No NUMA configuration found
[    0.000000] Faking a node at [mem 0x0000000000000000-0x000000021fffffff]
[    0.000000] NODE_DATA(0) allocated [mem 0x21fff5000-0x21fff9fff]
[    0.000000] kvm-clock: Using msrs 4b564d01 and 4b564d00
[    0.000000] kvm-clock: cpu 0, msr 2:1ffed001, primary cpu clock
[    0.000000] kvm-clock: using sched offset of 3118331392 cycles
[    0.000000] clocksource: kvm-clock: mask: 0xffffffffffffffff max_cycles: 0x1cd42e4dffb, max_idle_ns: 881590591483 ns
[    0.000000] Zone ranges:
[    0.000000]   DMA      [mem 0x0000000000001000-0x0000000000ffffff]
[    0.000000]   DMA32    [mem 0x0000000001000000-0x00000000ffffffff]
[    0.000000]   Normal   [mem 0x0000000100000000-0x000000021fffffff]
[    0.000000]   Device   empty
[    0.000000] Movable zone start for each node
[    0.000000] Early memory node ranges
[    0.000000]   node   0: [mem 0x0000000000001000-0x00000000009fff]
[  .0000]  node   0: [memx000000000000x0000000fffff]
[    0.00000   ne 0: [me0x000010000000-0000021fffff][   .0000] Initmem setup node 0 [mem 0x0000000000001000-0x000000021fffffff]
[    0.000000] ACPI: PM-Timer IO Port: 0x4008
[    0.000000] IOAPIC[0]: apic_id 2, version 32, address 0xfec00000, GSI 0-23
[    0.000000] ACPI: INT_SRCVR (bus bus_q global_q  dflfl
[    0.0000AC: INT_S_OR (b 0buir 9globl_ir9 loleel
[    00000] Usg CPI AD) for SMconfurion foation    0000] mpot Allowing 2 CPUs, 0 hotplug CPUs
[    0.000000] PM: Registered nosave memory: [mem 0x00000000-0x00000fff]
[    0.000000] PM: Registered nosave memory: [mem 0x0009f000-0x0009ffff]
[    0.000000] PM: Registered nosave memory: [mem 0x000a0000-0x000effff]
[    0.000000] PM: Registered nosave memory: [mem 0x000f0000-0x000fffff]
[    0.000000] PM: Registered nosave memory: [mem 0xdfff0000-0xdfffffff]
[    0.000000] PM: Registered nosave memory: [mem 0xe0000000-0xfebfffff]
[    0.000000] PM: Registered nosave memory: [mem 0xfec00000-0xfec00fff]
[    0.000000] PM: Registered nosave memory: [mem 0xfec01000-0xfedfffff]
[    0.000000] PM: Registered nosavememory: [mem fe00000-fe00ff
   0.000] : gisteredosve mor: [mem 0xfee01000-0xfffbffff]
[    0.000000] PM: Registered nosave memory: [mem 0xfffc0000-0xffffffff]
[    0.000000] e820: [mem 0xe0000000-0xfebfffff] available for PCI devices
[    0.000000] Booting paravirtualized kernel on KVM
[    0.000000] clocksource: refined-jiffies: mask: 0xffffffff max_cycles: 0xffffffff, max_idle_ns: 764551960021158 s
[   0.00000] setuppercpuNRCPUS:5 n_cpuskits:2 _cpuids:2 nr_ne_s:1
[    0.0000] RCPUEmdded3 ges/cpu fff82100000 s982 r8192 d287 u4857
[  0.0000 PV spinlock hash table entries: 256 (order: 0, 4096 bytes)
[    0.000000] Built 1 zonelists in Node order, mobility grouping on.  Total pages: 2064249
[    0.000000] Policy zone: Normal
[    0.000000] Kernel command line: BOOT_IMAGE=/boot/vmlinuz-4.4.0-92-generic root=LABEL=cloudimg-rootfs ro console=tty1 console=ttyS0
[    0.000000] PID hash table entries: 4096 (order: 3, 32768 bytes)
[    0.000000] Memory: 8161016K/8388152K available (8474K kernel code, 1294K rwdata, 3984K rodata, 1488K init, 1316K bss, 227136K reserved, 0K cma-reserved)
[    0.000000] SLUB: HWalign=64, Order=0-3, MinObjects=0, CPUs=2, Nodes=1
[    0.000000] Hierarchical RCU implementation.
[    0.000000] 	Build-time adjustment of leaf fanout to 64.
[    0.000000] 	RCU restricting CPUs from NR_CPUS=512 to nr_cpu_ids=2.
[    0.000000] RCU: Adjusting geometry for rcu_fanout_leaf=64, nr_cpu_ids=2
[    0.000000] NR_IRQS:33024 nr_irqs:440 16
[    0.000000] Console: colour VGA+ 80x25
[    0.000000] console [tty1] enabled
[    0.000000] console [ttyS0] enabled
[    0.000000] tsc: Detected 3092.972 MHz processor
[    9.951743] Calibrating delay loop (skipped) preset value.. 6185.94 BogoMIPS (lpj=12371888)
[    9.953229] pid_max: default: 32768 minimum: 301
[    9.954050] ACPI: Core revision 20150930
[    9.955699] ACPI: 2 ACPI AML tables successfully acquired and loaded
[    9.956844] Security Framework initialized
[    9.957575] Yama: becoming mindful.
[    9.958233] AppArmor: AppArmor initialized
[    9.959803] Dentry cache hash table entries: 1048576 (order: 11, 8388608 bytes)
[   10.162282] Inode-cache hash table entries: 524288 (order: 10, 4194304 bytes)
[   10.304694] Mount-cache hash table entries: 16384 (order: 5, 131072 bytes)
[   10.386490] Mountpoint-cache hash table entries: 16384 (order: 5, 131072 bytes)
[   10.509708] Initializing cgroup subsys io
[   10.529436] Initializing cgroup subsys memory
[   10.534160] Initializing cgroup subsys devices
[   10.556241] Initializing cgroup subsys freezer
[   10.557019] Initializing cgroup subsys net_cls
[   10.557806] Initializing cgroup subsys perf_event
[   10.569199] Initializing cgroup subsys net_prio
[   10.663747] Initializing cgroup subsys hugetlb
[   10.683999] Initializing cgroup subsys pids
[   10.684913] CPU: Physical Processor ID: 0
[   10.777836] CPU: Processor Core ID: 0
[   10.778524] mce: CPU supports 0 MCE banks
[   10.779270] Last level iTLB entries: 4KB 512, 2MB 8, 4MB 8
[   10.797880] Last level dTLB entries: 4KB 512, 2MB 32, 4MB 32, 1GB 0
[   10.801003] Freeing SMP alternatives memory: 32K (ffffffff820b9000 - ffffffff820c1000)
[   10.889476] ftrace: allocating 32131 entries in 126 pages
[   10.945885] smpboot: APIC(0) Converting physical 0 to logical package 0
[   11.018939] smpboot: Max logical packages: 1
[   11.019979] x2apic enabled
[   11.073865] Switched APIC routing to physical x2apic.
[   11.145462] ..TIMER: vector=0x30 apic1=0 pin1=2 apic2=-1 pin2=-1
[   11.343030] smpboot: CPU0: Intel(R) Core(TM) i5-2400 CPU @ 3.10GHz (family: 0x6, model: 0x2a, stepping: 0x7)
[   11.551525] Performance Events: unsupported p6 CPU model 42 no PMU driver, software events only.
[   11.660577] KVM setup paravirtual spinlock
[   11.662415] x86: Booting SMP configuration:
[   11.755415] .... node  #0, CPUs:      #1
[   11.855965] kvm-clock: cpu 1, msr 2:1ffed041, secondary cpu clock
[   11.856691] mce: CPU supports 0 MCE banks
[   11.859129] x86: Booted up 1 node, 2 CPUs
[   11.860040] smpboot: Total of 2 processors activated (12371.88 BogoMIPS)
[   11.861478] devtmpfs: initialized
[   11.864292] evm: security.selinux
[   11.864932] evm: security.SMACK64
[   11.865590] evm: security.SMACK64EXEC
[   11.866276] evm: security.SMACK64TRANSMUTE
[   11.866994] evm: security.SMACK64MMAP
[   11.951066] evm: security.ima
[   11.964734] evm: security.capability
[   12.004397] clocksource: jiffies: mask: 0xffffffff max_cycles: 0xffffffff, max_idle_ns: 7645041785100000 ns
[   12.136802] futex hash table entries: 512 (order: 3, 32768 bytes)
[   12.137946] pinctrl core: initialized pinctrl subsystem
[   12.138967] RTC time: 15:12:49, date: 02/21/18
[   12.162100] NET: Registered protocol family 16
[   12.194730] cpuidle: using governor ladder
[   12.231356] cpuidle: using governor menu
[   12.259929] PCCT header not found.
[   12.267388] ACPI: bus type PCI registered
[   12.273458] acpiphp: ACPI Hot Plug PCI Controller Driver version: 0.5
[   12.311387] PCI: Using configuration type 1 for base access
[   12.351508] ACPI: Added _OSI(Module Device)
[   12.359573] ACPI: Added _OSI(Processor Device)
[   12.390969] ACPI: Added _OSI(3.0 _SCP Extensions)
[   12.391782] ACPI: Added _OSI(Processor Aggregator Device)
[   12.399869] ACPI: Executed 1 blocks of module-level executable AML code
[   12.402711] ACPI: Interpreter enabled
[   12.408644] ACPI: (supports S0 S5)
[   12.409314] ACPI: Using IOAPIC for interrupt routing
[   12.415552] PCI: Using host bridge windows from ACPI; if necessary, use "pci=nocrs" and report a bug
[   12.420243] ACPI: PCI Root Bridge [PCI0] (domain 0000 [bus 00-ff])
[   12.592338] acpi PNP0A03:00: _OSC: OS supports [ASPM ClockPM Segments MSI]
[   12.781222] acpi PNP0A03:00: _OSC: not requesting OS control; OS requires [ExtendedConfig ASPM ClockPM MSI]
[   13.030594] acpi PNP0A03:00: fail to add MMCONFIG information, can't access extended PCI configuration space under this bridge.
[   13.108147] PCI host bridge to bus 0000:00
[   13.108892] pci_bus 0000:00: root bus resource [io  0x0000-0x0cf7 window]
[   13.109957] pci_bus 0000:00: root bus resource [io  0x0d00-0xffff window]
[   13.119812] pci_bus 0000:00: root bus resource [mem 0x000a0000-0x000bffff window]
[   13.227122] pci_bus 0000:00: root bus resource [mem 0xe0000000-0xfdffffff window]
[   13.228405] pci_bus 0000:00: root bus resource [bus 00-ff]
[   13.230724] pci 0000:00:01.1: legacy IDE quirk: reg 0x10: [io  0x01f0-0x01f7]
[   13.255194] pci 0000:00:01.1: legacy IDE quirk: reg 0x14: [io  0x03f6]
[   13.256210] pci 0000:00:01.1: legacy IDE quirk: reg 0x18: [io  0x0170-0x0177]
[   13.257304] pci 0000:00:01.1: legacy IDE quirk: reg 0x1c: [io  0x0376]
[   13.361206] pci 0000:00:07.0: quirk: [io  0x4000-0x403f] claimed by PIIX4 ACPI
[   13.417203] pci 0000:00:07.0: quirk: [io  0x4100-0x410f] claimed by PIIX4 SMB
[   13.478540] ACPI: PCI Interrupt Link [LNKA] (IRQs 5 9 10 *11)
[   13.623065] ACPI: PCI Interrupt Link [LNKB] (IRQs 5 9 *10 11)
[   13.728276] ACPI: PCI Interrupt Link [LNKC] (IRQs 5 *9 10 11)
[   13.806989] ACPI: PCI Interrupt Link [LNKD] (IRQs 5 9 10 *11)
[   13.950967] ACPI: Enabled 2 GPEs in block 00 to 07
[   14.083132] vgaarb: setting as boot device: PCI:0000:00:02.0
[   14.160043] vgaarb: device added: PCI:0000:00:02.0,decodes=io+mem,owns=io+mem,locks=none
[   14.174236] vgaarb: loaded
[   14.174803] vgaarb: bridge control possible 0000:00:02.0
[   14.175931] SCSI subsystem initialized
[   14.176774] ACPI: bus type USB registered
[   14.177539] usbcore: registered new interface driver usbfs
[   14.178425] usbcore: registered new interface driver hub
[   14.179356] usbcore: registered new device driver usb
[   14.180489] PCI: Using ACPI for IRQ routing
[   14.186868] NetLabel: Initializing
[   14.187524] NetLabel:  domain hash size = 128
[   14.188271] NetLabel:  protocols = UNLABELED CIPSOv4
[   14.189102] NetLabel:  unlabeled traffic allowed by default
[   14.190194] amd_nb: Cannot enumerate AMD northbridges
[   14.191112] clocksource: Switched to clocksource kvm-clock
[   14.199040] AppArmor: AppArmor Filesystem Enabled
[   14.325547] pnp: PnP ACPI init
[   14.326852] pnp: PnP ACPI: found 3 devices
[ 14363]losoceac_p mk:xfffff max_cycles: 0xffffff, max_idle_n 25702ns[  12121NE Risreproc fil2
[   15.7757] TCP established hash table etrs:55 (de 75228bys)
[   16.459678] TCP bind hash table entries: 65536 (order: 8, 1048576 bytes)
[   16.461261] TCP: Hash tables configured (established 65536 bind 65536)
[ 16741]DPastae tres: 4096 (order: 5, 1312 te
  7.294]DPitha tlentes40 (de 5 131072 bytes)
[   17.815469] NET: Registered protocol family 1
[   17.816248] pci 0000:00:00.0: Limiting direct PCI/PCI transfers
[   17.817226] pci 0000:00:01.0: Activating ISA DMA hang workarounds
[   17.81833 Unpacking initramfs...
[   19.625323] Freeing initrd memory: 10832K (ffff880036ac8000 - ffff88003755c000)
[   19.7110]CIDMA: Usingsowa bncbuerg r  (IOB)[ 20283]sotwe  T [m dbff0000xdf00]64) pp a [ff00ff00ff80ffff
[   1.4818RAPLPMdetected, I its -3Joes3 xecote 13782 mov tim
  2.861]w unit of ma p-ce -0ous
[   23.246526] hw unit of domain package 2^-0 Joules
[   23.274523] hw unit of domain pp1-gpu 2^-0 Joules
[   23.275428] platform rtc_cmos: registered platform RTC device (no PNP device found)
[   23.276891] Scanning for low memory corruption every 60 seconds
[   23.278338] audit: initializing netlink subsys (disabled)
[   23.279247] audit: type=2000 audit(1519225971.173:1): initialized
[   23.280449] Initialise system trusted keyring
[   23.281429] HugeTLB registered 2 MB page size, pre-allocated 0 pages
[   23.283668] zbud: loaded
[   23.284471] VFS: Disk quotas dquot_6.6.0
[   23.285214] VFS: Dquot-cache hash table entries: 512 (order 0, 4096 bytes)
[   23.286482] squashfs: version 4.0 (2009/01/31) Phillip Lougher
[   23.287864] fuse init (API version 7.23)
[   23.288744] Key type big_key registered
[   23.289486] Allocating IMA MOK and blacklist keyrings.
[   23.291440] Key type asymmetric registered
[   23.292187] Asymmetric key parser 'x509' registered
[   23.293030] Block layer SCSI generic (bsg) driver version 0.4 loaded (major 249)
[   23.294424] io scheduler noop registered
[   23.295129] io scheduler deadline registered (default)
[   23.301331] io scheduler cfq registered
[   23.302133] pci_hotplug: PCI Hot Plug PCI Core version: 0.5
[   23.365255] pciehp: PCI Express Hot Plug Controller Driver version: 0.4
[   23.366450] ACPI: AC Adapter [AC] (on-line)
[   23.367259] input: Power Button as /devices/LNXSYSTM:00/LNXPWRBN:00/input/input0
[   23.368579] ACPI: Power Button [PWRF]
[   23.369331] input: Sleep Button as /devices/LNXSYSTM:00/LNXSLPBN:00/input/input1
[   23.391725] ACPI: Sleep Button [SLPF]
[   23.392705] GHES: HEST is not enabled!
[   23.393545] Serial: 8250/16550 driver, 32 ports, IRQ sharing enabled
[   23.416250] 00:02: ttyS0 at I/O 0x3f8 (irq = 4, base_baud = 115200) is a 16550A
[   23.460873] Linux agpgart interface v0.103
[   23.570757] loop: module loaded
[   23.573083] scsi host0: ata_piix
[   23.606512] scsi host1: ata_piix
[   23.676395] ata1: PATA max UDMA/33 cmd 0x1f0 ctl 0x3f6 bmdma 0xd000 irq 14
[   23.677480] ata2: PATA max UDMA/33 cmd 0x170 ctl 0x376 bmdma 0xd008 irq 15
[   23.678650] libphy: Fixed MDIO Bus: probed
[   23.75631] un: Universal TUN/TAP devi dve 1
  4.69] n:C)9920 M Ksnns <xkuaom.com>
[   24.884288] tsc: Refined TSC clocksource calibration: 3091.775 MHz
[   25.064500] clocksource: tsc: mask: 0xffffffffffffffff max_cycles: 0x2c90ed9aab1, max_idle_ns: 440795256395 ns
[   25.064621] PPP generic driver version 2.4.2
[   25.064694] ehci_hcd: USB 2.0 'Enhanced' Host Controller (EHCI) Driver
[   25.064700] ehci-pci: EHCI PCI platform driver
[   25.064717] ehci-platform: EHCI generic platform driver
[   25.064725] ohci_hcd: USB 1.1 'Open' Host Controller (OHCI) Driver
[   25.064728] ohci-pci: OHCI PCI platform driver
[   25.064736] ohci-platform: OHCI generic platform driver
[   25.064745] uhci_hcd: USB Universal Host Controller Interface driver
[   25.064808] i8042: PNP: PS/2 Controller [PNP0303:PS2K,PNP0f03:PS2M] at 0x60,0x64 irq 1,12
[   25.071694] serio: i8042 KBD port at 0x60,0x64 irq 1
[   25.071701] serio: i8042 AUX port at 0x60,0x64 irq 12
[   25.071835] mousedev: PS/2 mouse device common for all mice
[   25.072132] rtc_cmos rtc_cmos: rtc core: registered rtc_cmos as rtc0
[   25.072185] rtc_cmos rtc_cmos: alarms up to one day, 114 bytes nvram
[   25.072192] i2c /dev entries driver
[   25.072251] device-mapper: uevent: version 1.0.3
[   25.072312] device-mapper: ioctl: 4.34.0-ioctl (2015-10-28) initialised: dm-devel@redhat.com
[   25.072330] ledtrig-cpu: registered to indicate activity on CPUs
[   25.072602] NET: Registered protocol family 10
[   25.072746] NET: Registered protocol family 17
[   25.072757] Key type dns_resolver registered
[   25.274184] microcode: CPU0 sig=0x206a7, pf=0x10, revision=0x0
[   25.274243] microcode: CPU1 sig=0x206a7, pf=0x10, revision=0x0
[   25.274353] microcode: Microcode Update Driver: v2.01 <tigran@aivazian.fsnet.co.uk>, Peter Oruba
[   25.274488] registered taskstats version 1
[   25.274502] Loading compiled-in X.509 certificates
[   25.275249] Loaded X.509 cert 'Build time autogenerated kernel key: 01a2b0d0dba8d37a863918580fc16590a7d146c8'
[   25.275271] zswap: loaded using pool lzo/zbud
[   25.276644] Key type trusted registered
[   25.278815] Key type encrypted registered
[   25.278819] AppArmor: AppArmor sha1 policy hashing enabled
[   25.278822] ima: No TPM chip found, activating TPM-bypass!
[   25.278842] evm: HMAC attrs: 0x1
[   25.279146]   Magic number: 6:312:235
[   25.714213] rtc_cmos rtc_cmos: setting system clock to 2018-02-21 15:13:02 UTC (1519225982)
[   25.714389] BIOS EDD facility v0.16 2004-Jun-25, 0 devices found
[   25.714389] EDD information not available.
[   25.968181] input: AT Translated Set 2 keyboard as /devices/platform/i8042/serio0/input/input2
[   26.615216] Freeing unused kernel memory: 1488K (ffffffff81f45000 - ffffffff820b9000)
[   26.815009] Write protecting the kernel read-only data: 14336k
[   26.816578] Freeing unused kernel memory: 1752K (ffff88000184a000 - ffff880001a00000)
[   26.822710] Freeing unused kernel memory: 112K (ffff880001de4000 - ffff880001e00000)
Loading, please wait...
starting version[   26.836102] random: systemd-udevd: uninitialized urandom read (16 bytes read, 3 bits of entropy available)
 229
[   26.836763] random: udevadm: uninitialized urandom read (16 bytes read, 3 bits of entropy available)
[   26.836803] random: udevadm: uninitialized urandom read (16 bytes read, 3 bits of entropy available)
[   26.836932] random: udevadm: uninitialized urandom read (16 bytes read, 3 bits of entropy available)
[   26.836981] random: udevadm: uninitialized urandom read (16 bytes read, 3 bits of entropy available)
[   26.837026] random: udevadm: uninitialized urandom read (16 bytes read, 3 bits of entropy available)
[   26.837073] random: udevadm: uninitialized urandom read (16 bytes read, 3 bits of entropy available)
[   26.837124] random: udevadm: uninitialized urandom read (16 bytes read, 3 bits of entropy available)
[   26.837170] random: udevadm: uninitialized urandom read (16 bytes read, 3 bits of entropy available)
[   26.837234] random: udevadm: uninitialized urandom read (16 bytes read, 3 bits of entropy available)
[   29.338183] Fusion MPT base driver 3.04.20
[   29.416903] Copyright (c) 1999-2008 LSI Corporation
[   29.420512] e1000: Intel(R) PRO/1000 Network Driver - version 7.3.21-k8-NAPI
[   29.723504] e1000: Copyright (c) 1999-2006 Intel Corporation.
[   29.951893] Fusion MPT SPI Host driver 3.04.20
[   30.068474] mptbase: ioc0: Initiating bringup
[   30.077066] AVX version of gcm_enc/dec engaged.
[   30.265026] AES CTR mode by8 optimization enabled
[   30.272610] input: ImExPS/2 Generic Explorer Mouse as /devices/platform/i8042/serio1/input/input4
[   30.311340] ioc0: LSI53C1030 A0: Capabilities={Initiator}
[   30.605501] scsi host2: ioc0: LSI53C1030 A0, FwRev=00000000h, Ports=1, MaxQ=256, IRQ=20
[   31.355347] scsi 2:0:0:0: Direct-Access     VBOX     HARDDISK         1.0  PQ: 0 ANSI: 5
[   31.364271] scsi target2:0:0: Beginning Domain Validation
[   31.367107] scsi target2:0:0: Domain Validation skipping write tests
[   31.564110] scsi target2:0:0: Ending Domain Validation
[   31.565091] scsi target2:0:0: asynchronous
[   31.767991] scsi 2:0:1:0: Direct-Access     VBOX     HARDDISK         1.0  PQ: 0 ANSI: 5
[   31.916889] scsi target2:0:1: Beginning Domain Validation
[   32.068711] scsi target2:0:1: Domain Validation skipping write tests
[   32.069766] scsi target2:0:1: Ending Domain Validation
[   32.074071] e1000 0000:00:03.0 eth0: (PCI:33MHz:32-bit) 02:21:85:d0:49:10
[   32.074075] e1000 0000:00:03.0 eth0: Intel(R) PRO/1000 Network Connection
[   32.411107] scsi target2:0:1: asynchronous
[   32.423490] e1000 0000:00:08.0 eth1: (PCI:33MHz:32-bit) 08:00:27:6d:e3:57
[   32.423493] e1000 0000:00:08.0 eth1: Intel(R) PRO/1000 Network Connection
[   32.914982] e1000 0000:00:03.0 enp0s3: renamed from eth0
[   33.121622] sd 2:0:0:0: Attached scsi generic sg0 type 0
[   33.122693] sd 2:0:0:0: [sda] 20971520 512-byte logical blocks: (10.7 GB/10.0 GiB)
[   33.495144] e1000 0000:00:08.0 enp0s8: renamed from eth1
[   33.496033] sd 2:0:1:0: Attached scsi generic sg1 type 0
[   33.519533] floppy0: no floppy controllers found
[   33.520452] sd 2:0:1:0: [sdb] 20480 512-byte logical blocks: (10.5 MB/10.0 MiB)
[   33.520578] sd 2:0:0:0: [sda] Write Protect is off
[   33.520679] sd 2:0:0:0: [sda] Incomplete mode parameter data
[   33.520680] sd 2:0:0:0: [sda] Assuming drive cache: write through
[   33.746736]  sda: sda1
[   33.747163] sd 2:0:0:0: [sda] Attached SCSI disk
[   35.014737] sd 2:0:1:0: [sdb] Write Protect is off
[   35.254683] sd 2:0:1:0: [sdb] Incomplete mode parameter data
[   35.734224] sd 2:0:1:0: [sdb] Assuming drive cache: write through
[   36.118895] sd 2:0:1:0: [sdb] Attached SCSI disk
Begin: Loading e[   37.708439] md: linear personality registered for level -1
ssential drivers[   37.866926] md: multipath personality registered for level -4
 ... [   37.882139] md: raid0 personality registered for level 0
[   38.320351] md: raid1 personality registered for level 1
[   38.543144] raid6: sse2x1   gen()  8724 MB/s
[   38.635154] raid6: sse2x1   xor()  6792 MB/s
[   38.739147] raid6: sse2x2   gen() 10797 MB/s
[   38.923150] raid6: sse2x2   xor()  7604 MB/s
[   39.111148] raid6: sse2x4   gen() 12366 MB/s
[   39.303143] raid6: sse2x4   xor()  9192 MB/s
[   39.319778] raid6: using algorithm sse2x4 gen() 12366 MB/s
[   39.485566] raid6: .... xor() 9192 MB/s, rmw enabled
[   39.617838] raid6: using ssse3x2 recovery algorithm
[   39.678200] xor: automatically using best checksumming function:
[   39.793813]    avx       : 45239.000 MB/sec
[   40.067349] async_tx: api initialized (async)
[   40.202759] md: raid6 personality registered for level 6
[   40.355925] md: raid5 personality registered for level 5
[   40.506813] md: raid4 personality registered for level 4
[   40.636956] md: raid10 personality registered for level 10
done.
Begin: Running /scripts/init-p[   40.702318] Btrfs loaded
remount ... done.
Begin: Mounting root file system ... Begin: Running /scripts/local-top ... done.
Begin: Running /scripts/local-premount ... Scanning for Btrfs filesystems
done.
Warning: fsck not present, so skipping root file system
[   40.909980] EXT4-fs (sda1): mounted filesystem with ordered data mode. Opts: (null)
done.
Begin: Running /scripts/local-bottom ... done.
Begin: Running /scripts/init-bottom ... done.
[   41.072334] systemd[1]: systemd 229 running in system mode. (+PAM +AUDIT +SELINUX +IMA +APPARMOR +SMACK +SYSVINIT +UTMP +LIBCRYPTSETUP +GCRYPT +GNUTLS +ACL +XZ -LZ4 +SECCOMP +BLKID +ELFUTILS +KMOD -IDN)
[   41.186751] systemd[1]: Detected virtualization oracle.
[   41.187647] systemd[1]: Detected architecture x86-64.

Welcome to [1mUbuntu 16.04.3 LTS[0m!

[   41.219843] systemd[1]: Set hostname to <ubuntu>.
[   41.429168] systemd[1]: Initializing machine ID from random generator.
[   41.558035] systemd[1]: Installed transient /etc/machine-id file.
[ 41695973] stemd[1]: StteFoarPawo Rues  Wl retory Watch.
[[0;32m  OK  [0m] Started Forward Password Requests to Wall Directory Watch.
[  42.584499] system[1]:Cratd icUs ad Session Slice.
[[0;32m  OK  [0m] Created slice User and Session Slice.
[   42.874674] systemd[1]: Started Trigger resolvconf update for networkd DNS.
[[0;32m  OK  [0m] Started Trigger resolvconf update for networkd DNS.
[   42.876991] systemd[1]: Reached target Swap.
[[0;32m  OK  [0m] Reached target Swap.
[   42.878804] systemd[1]: Listening on Syslog Socket.
[[0;32m  OK  [0m] Listening on Syslog Socket.
[   42.880676] systemd[1]: Listening on LVM2 metadata daemon socket.
[[0;32m  OK  [0m] Listening on LVM2 metadata daemon socket.
[   42.882727] systemd[1]: Reached target User and Group Name Lookups.
[[0;32m  OK  [0m] Reached target User and Group Name Lookups.
[   43.458124] systemd[1]: Listening on Journal Socket.
[[0;32m  OK  [0m] Listening on Journal Socket.
[   43.461392] systemd[1]: Reached target Encrypted Volumes.
[[0;32m  OK  [0m] Reached target Encrypted Volumes.
[   43.464811] systemd[1]: Liseng on Journal Sock (evog
[[0;32m  OK  [0m] Listening on Journal Socket (/dev/log).
[   43.873980] systemd[1]: Listening on LVM2 poll daemon socket.
[[0;32m  OK  [0m] Listening on LVM2 poll daemon socket.
[ 44674]ysmd]:isning on udev Kern Ske
[[0;32m  OK  [0m] Listening on udev Kernel Socket.
[   44.889966] systemd[1]: Listening on /dev/initctl Compatibility Named Pipe.
[[0;32m  OK  [0m] Listening on /dev/initctl Compatibility Named Pipe.
[ 45634]ysted[: t  atomount Arbitrary Executable File Formats File System Automount Point.
[[0;32m  OK  [0m] Set up automount Arbitrary Executab...ats File System Automount Point.
[  457797] systemd[1]: Listening on udev Contro Ske
[[0;32m  OK  [0m] Listening on udev Control Socket.
[   46.452057] systemd[1]: ListeninonDevice-mapper vent daemo FOs

[[0;32m  OK  [0m] Listening on Device-mapper event daemon FIFOs.
[  46.835672] systemd[1]: Crtesle st Sce

[[0;32m  OK  [0m] Created slice System Slice.
[   47.351389] systemd[1]: Starting Remount Root and Kernel File Systems...
         Starting Remount[   47.521025] EXT4-fs (sda1): re-mounted. Opts: (null)
 Root and Kernel File Systems...
[   47.545958] systemd[1]: Created slice system-serial\x2dgetty.slice.
[[0;32m  OK  [0m] Created slice system-serial\x2dgetty.slice.
[   47.549756] systemd[1]: Starting Uncomplicated firewall...
[   47.609309] random: nonblocking pool is initialized
         Starting Uncomplicated firewall...
[   47.805033] systemd[1]: Reached target Slices.
[[0;32m  OK  [0m] Reached target Slices.
[   47.811315] systemd[1]: Mounting Debug File System...
         Mounting Debug File System...
[   47.893121] systemd[1]: Starting Monitoring of LVM2 mirrors, snapshots etc. using dmeventd or progress polling...
         Starting Monitoring of LVM2 mirrors... dmeventd or progress polling...
[   47.975380] systemd[1]: Starting Nameserver information manager...
         Starting Nameserver information manager...
[   48.183394] systemd[1]: Starting Load Kernel Modules...
         Starting Load Ke[   48.329651] Loading iSCSI transport class v2.0-870.
rnel Modules...[   48.530876] iscsi: registered transport (tcp)

[   48.627281] systemd[1]: Mounting Huge Pages File System...
         Mounting Huge Pages File System...
[   48.652301] systemd[1]: Starting Set console keymap...
         [   48.862742] iscsi: registered transport (iser)
Starting Set console keymap...
[   48.879107] systemd[1]: Mounting POSIX Message Queue File System...
         Mounting POSIX Message Queue File System...
[   48.881879] systemd[1]: Starting Create list of required static device nodes for the current kernel...
         Starting Create list of required st... nodes for the current kernel...
[ 4934186] systemd[1]: Lisni on url di Socke
[[0;32m  OK  [0m] Listening on Journal Audit Socket.
[   49.899382] systemd[1]: Starting Journal Service...
         Starting Journal Service...
[   .027 ste[1 Mnted Dbug File Syste
[[0;32m  OK  [0m] Mounted Debug File System.
[   50.559438] systemd[1]: Mounted POSIX Message Queue File System.
[[0;32m  OK  [0m] Mounted POSIX Message Queue File System.
[   50.764099] systemd[1]: Mounted Huge Pages File System.
[[0;32m  OK  [0m] Mounted Huge Pages File System.
[ 50766175 ste[1 Srt Jrn Svi.
[[0;32m  OK  [0m] Started Journal Service.
[[0;32m  OK  [0m] Started Remount Root and Kernel File Systems.
[[0;32m  OK  [0m] Started Uncomplicated firewall.
[[0;32m  OK  [0m] Started Load Kernel Modules.
[[0;32m  OK  [0m] Started Set console keymap.
[[0;32m  OK  [0m] Started Create list of required sta...ce nodes for the current kernel.
[[0;32m  OK  [0m] Started Nameserver information manager.
[[0;32m  OK  [0m] Started LVM2 metadata daemon.
         Starting Create Static Device Nodes in /dev...
         Starting Apply Kernel Variables...
         Mounting FUSE Control File System...
         Starting Initial cloud-init job (pre-networking)...
         Starting Load/Save Random Seed...
         Starting udev Coldplug all Devices...
         Starting Flush Journal to Persistent Storage...
[[0;32m  OK  [0m] Mounted FUSE Control File System.
[[0;32m  OK  [0m] Started Monitoring of LVM2 mirrors,...ng dmeventd or progress polling.
[[0;32m  OK  [0m] Started Create Static Device Nodes in /dev.
[[0;32m  OK  [0m] Started Apply Kernel Variables.
[[0;32m  OK  [0m] Started Load/Save Random Seed.
[[0;32m  OK  [0m] Started Flush Journal to Persistent Storage.
[[0;32m  OK  [0m] Started udev Coldplug all Devices.
         Starting udev Kernel Device Manager...
[[0;32m  OK  [0m] Started udev Kernel Device Manager.
[[0;32m  OK  [0m] Started Dispatch Password Requests to Console Directory Watch.
[[0;32m  OK  [0m] Reached target Local File Systems (Pre).
[[0;32m  OK  [0m] Reached target Local File Systems.
         Starting Set console font and keymap...
         Starting LSB: AppArmor initialization...
         Starting Commit a transient machine-id on disk...
         Starting Create Volatile Files and Directories...
[   39.224435] cloud-init[446]: Cloud-init v. 0.7.9 running 'init-local' at Wed, 21 Feb 2018 15:13:29 +0000. Up 38.90 seconds.
         Starting Tell Plymouth To Write Out Runtime Data...
[[0;32m  OK  [0m] Started Set console font and keymap.
[[0;32m  OK  [0m] Started Commit a transient machine-id on disk.
[[0;32m  OK  [0m] Started Create Volatile Files and Directories.
[[0;32m  OK  [0m] Started Tell Plymouth To Write Out Runtime Data.
[[0;32m  OK  [0m] Started Initial cloud-init job (pre-networking).
[[0;32m  OK  [0m] Found device /dev/ttyS0.
[[0;32m  OK  [0m] Listening on Load/Save RF Kill Switch Status /dev/rfkill Watch.
[[0;32m  OK  [0m] Reached target Network (Pre).
[[0;32m  OK  [0m] Reached target System Time Synchronized.
         Starting Update UTMP about System Boot/Shutdown...
[[0;32m  OK  [0m] Created slice system-getty.slice.
[[0;32m  OK  [0m] Started Update UTMP about System Boot/Shutdown.
[[0;32m  OK  [0m] Started LSB: AppArmor initialization.
         Starting Raise network interfaces...
[[0;32m  OK  [0m] Started Raise network interfaces.
[[0;32m  OK  [0m] Reached target Network.
         Starting Initial cloud-init job (metadata service crawler)...
[   42.951648] cloud-init[937]: Cloud-init v. 0.7.9 running 'init' at Wed, 21 Feb 2018 15:13:33 +0000. Up 42.35 seconds.
[   43.026257] cloud-init[937]: ci-info: ++++++++++++++++++++++++++++++++++++++Net device info++++++++++++++++++++++++++++++++++++++
[   43.026497] cloud-init[937]: ci-info: +--------+-------+----------------------------+---------------+-------+-------------------+
[[0;32m  OK  [0m] Started Initial cloud-init job (metadata service crawler).
[   43.026635] cloud-init[937]: ci-info: | Device |   Up  |          Address           |      Mask     | Scope |     Hw-Address    |
[   43.186907] cloud-init[937]: ci-info: +--------+-------+----------------------------+---------------+-------+-------------------+
[   43.187280] cloud-init[937]: ci-info: |   lo   |  True |         127.0.0.1          |   255.0.0.0   |   .   |         .         |
[   43.187453] cloud-init[937]: ci-info: |   lo   |  True |          ::1/128           |       .       |  host |         .         |
[   43.187625] cloud-init[937]: ci-info: | enp0s8 | False |             .              |       .       |   .   | 08:00:27:6d:e3:57 |
[   43.187801] cloud-init[937]: ci-info: | enp0s3 |  True |         10.0.2.15          | 255.255.255.0 |   .   | 02:21:85:d0:49:10 |
[   43.187989] cloud-init[937]: ci-info: | enp0s3 |  True | fe80::21:85ff:fed0:4910/64 |       .       |  link | 02:21:85:d0:49:10 |
[   43.188342] cloud-init[937]: ci-info: +--------+-------+----------------------------+---------------+-------+-------------------+
[   43.188509] cloud-init[937]: ci-info: +++++++++++++++++++++++++++Route IPv4 info++++++++++++++++++++++++++++
[[0;32m  OK  [0m] Reached target System Initialization.
[[   43.188597] cloud-init[937]: ci-info: +-------+-------------+----------+---------------+-----------+-------+
[   43.748870] cloud-init[937]: ci-info: | Route | Destination | Gateway  |    Genmask    | Interface | Flags |
[0;32m  OK  [0m] Listening on ACPID Listen Socket.
[[   43.748977] cloud-init[937]: ci-info: +-------+-------------+----------+---------------+-----------+-------+
[0;32m  OK  [0m] Started Timer to automatically refresh installed snaps.
[   43.933559] cloud-init[937]: ci-info: |   0   |   0.0.0.0   | 10.0.2.2 |    0.0.0.0    |   enp0s3  |   UG  |
[   44.028898] cloud-init[937]: ci-info: |   1   |   10.0.2.0  | 0.0.0.0  | 255.255.255.0 |   enp0s3  |   U   |
[   44.029278] cloud-init[937]: ci-info: +-------+-------------+----------+---------------+-----------+-------+
[[0;32m  OK  [0m] Started Daily Cleanup of Temporary Directories.
[[   44.029512] cloud-init[937]: Generating public/private rsa key pair.
[0;32m  OK  [0m] Listening on UUID daemon activation socket.
[   44.203312] cloud-init[937]: Your identification has been saved in /etc/ssh/ssh_host_rsa_key.
[   44.343849] cloud-init[937]: Your public key has been saved in /etc/ssh/ssh_host_rsa_key.pub.
         Starting LXD - unix socket.
[[   44.344275] cloud-init[937]: The key fingerprint is:
[   44.368130] cloud-init[937]: SHA256:hxTl3qC5Ii4qVthFCSFfGF7dXmXYzc/Y/BFu1rqpQ1o root@ubuntu-xenial
[   44.368289] cloud-init[937]: The key's randomart image is:
[0;32m  OK  [0m] Listening on D-Bus System Message Bus Socket.
[   44.368391] cloud-init[937]: +---[RSA 2048]----+
[   44.588326] cloud-init[937]: | . +=oo o.. +oo  |
[   44.588563] cloud-init[937]: |  +.oo . + o.. + |
[[0;32m  OK  [0m] Started ACPI Events Check.
[[   44.588681] cloud-init[937]: |   o.   o +   .=+|
[   44.637566] cloud-init[937]: |     . . * o  .=*|
[   44.637623] cloud-init[937]: |  o .   S o . o.o|
[   44.637747] cloud-init[937]: | . o     o  E . .|
[   44.637860] cloud-init[937]: |  . . . .  +   o |
[   44.637978] cloud-init[937]: |.... . .  . . o  |
[   44.638111] cloud-init[937]: |+. ..       .o   |
[0;32m  OK  [0m] Reached target Paths.
         Starting Socket activation for snappy daemon.
[   44.638231] cloud-init[937]: +----[SHA256]-----+
[   44.836860] cloud-init[937]: Generating public/private dsa key pair.
[   44.849581] cloud-init[937]: Your identification has been saved in /etc/ssh/ssh_host_dsa_key.
[   44.849821] cloud-init[937]: Your public key has been saved in /etc/ssh/ssh_host_dsa_key.pub.
[[0;32m  OK  [0m] Reached target Network is Online.
[   44.849938] cloud-init[937]: The key fingerprint is:
[   44.872587] cloud-init[937]: SHA256:/gAeR0rssysdvo1JerDnXpuNRgn0oAyon3YGmUsYKog root@ubuntu-xenial
[   44.872856] cloud-init[937]: The key's randomart image is:
         Starting iSCSI initiator daemon (iscsid)...
[[   44.872967] cloud-init[937]: +---[DSA 1024]----+
[   44.905553] cloud-init[937]: | .               |
[   44.905631] cloud-init[937]: |o .  .o          |
[   44.905746] cloud-init[937]: |=o = ooo.        |
[0;32m  OK  [0m] Started Daily apt download activities.
[[   44.905860] cloud-init[937]: |E = oo.o.        |
[   44.999268] cloud-init[937]: |.o +  *.S.       |
[   44.999338] cloud-init[937]: |  = +..Bo        |
[   44.999459] cloud-init[937]: | . o =+o+        |
[   44.999583] cloud-init[937]: |    oo=*.B       |
[   44.999693] cloud-init[937]: |    .*Bo= o      |
[   44.999811] cloud-init[937]: +----[SHA256]-----+
[   44.999927] cloud-init[937]: Generating public/private ecdsa key pair.
[   45.000171] cloud-init[937]: Your identification has been saved in /etc/ssh/ssh_host_ecdsa_key.
[   45.000281] cloud-init[937]: Your public key has been saved in /etc/ssh/ssh_host_ecdsa_key.pub.
[   45.000396] cloud-init[937]: The key fingerprint is:
[   45.000515] cloud-init[937]: SHA256:SLimM89NXoHnOxHlLaqaRXwYFfIvR0xQXOC8WXRJx3c root@ubuntu-xenial
[   45.000633] cloud-init[937]: The key's randomart image is:
[   45.000761] cloud-init[937]: +---[ECDSA 256]---+
[   45.000882] cloud-init[937]: |      . +=+oo.oo.|
[   45.001004] cloud-init[937]: |     . + =o. ...E|
[   45.001127] cloud-init[937]: |    . o .o=..   o|
[   45.001243] cloud-init[937]: |     + =.oo+.    |
[   45.001364] cloud-init[937]: |    o * So=.     |
[   45.001484] cloud-init[937]: |   o . +o+       |
[   45.001604] cloud-init[937]: |  +   o.o.       |
[   45.001726] cloud-init[937]: |   = *....       |
[   45.001844] cloud-init[937]: |    =.o ..       |
[0;32m  OK  [0m] Started Daily apt upgrade and clean activities.
[[   45.001965] cloud-init[937]: +----[SHA256]-----+
[   45.257962] cloud-init[937]: Generating public/private ed25519 key pair.
[   45.258026] cloud-init[937]: Your identification has been saved in /etc/ssh/ssh_host_ed25519_key.
[0;32m  OK  [0m] Reached target Timers.
[[   45.258332] cloud-init[937]: Your public key has been saved in /etc/ssh/ssh_host_ed25519_key.pub.
[   45.478967] cloud-init[937]: The key fingerprint is:
[   45.479038] cloud-init[937]: SHA256:KXxQmT8ZRmk6u2rNE76IRs8ONY23NTZay16D91zMgwc root@ubuntu-xenial
[   45.479147] cloud-init[937]: The key's randomart image is:
[   45.479265] cloud-init[937]: +--[ED25519 256]--+
[   45.479386] cloud-init[937]: |        .+..     |
[   45.479505] cloud-init[937]: |       .o =      |
[   45.479624] cloud-init[937]: |      .  = o     |
[   45.479745] cloud-init[937]: |     . +o.+      |
[   45.479865] cloud-init[937]: |      * So*. E   |
[   45.479985] cloud-init[937]: |    .. =oB =  oo |
[   45.480236] cloud-init[937]: |   ..o +oo+ +. o+|
[   45.480349] cloud-init[937]: |    .o+.*. o +...|
[   45.480696] cloud-init[937]: |   ..o+..o.   o  |
[   45.480839] cloud-init[937]: +----[SHA256]-----+
[0;32m  OK  [0m] Reached target Cloud-config availability.
[[0;32m  OK  [0m] Listening on LXD - unix socket.
[[0;32m  OK  [0m] Listening on Socket activation for snappy daemon.
[[0;32m  OK  [0m] Reached target Sockets.
[[0;32m  OK  [0m] Reached target Basic System.
[[0;32m  OK  [0m] Started Deferred execution scheduler.
         Starting LSB: Record successful boot for GRUB...
[[0;32m  OK  [0m] Started ACPI event daemon.
         Starting LSB: MD monitoring daemon...
         Starting System Logging Service...
         Starting Pollinate to seed the pseudo random number generator...
[[0;32m  OK  [0m] Started D-Bus System Message Bus.
         Starting LXD - container startup/shutdown...
         Starting Accounts Service...
         Starting Apply the settings specified in cloud-config...
[[0;32m  OK  [0m] Started Snappy daemon.
         Starting /etc/rc.local Compatibility...
         Starting Login Service...
         Starting Auto import assertions from block devices...
[[0;32m  OK  [0m] Started Regular background program processing daemon.
[[0;32m  OK  [0m] Started FUSE filesystem for LXC.
[[0;32m  OK  [0m] Started Unattended Upgrades Shutdown.
[[0;32m  OK  [0m] Started System Logging Service.
[[0;32m  OK  [0m] Started iSCSI initiator daemon (iscsid).
[[0;32m  OK  [0m] Started Pollinate to seed the pseudo random number generator.
[[0;32m  OK  [0m] Started LXD - container startup/shutdown.
[[0;32m  OK  [0m] Started /etc/rc.local Compatibility.
[[0;32m  OK  [0m] Started Auto import assertions from block devices.
[   46.524240] cloud-init[1101]: Generating locales (this might take a while)...
[[0;32m  OK  [0m] Started LSB: Record successful boot for GRUB.
[[0;32m  OK  [0m] Started LSB: MD monitoring daemon.
         Starting Authenticate and Authorize Users to Run Privileged Tasks...
         Starting OpenBSD Secure Shell server...
         Starting Login to default iSCSI targets...
[[0;32m  OK  [0m] Started OpenBSD Secure Shell server.
[[0;32m  OK  [0m] Started Login Service.
[[0;32m  OK  [0m] Started Authenticate and Authorize Users to Run Privileged Tasks.
[[0;32m  OK  [0m] Started Accounts Service.
[   47.282003] cloud-init[1101]:   en_US.UTF-8... done
[   47.334712] cloud-init[1101]: Generation complete.
[[0;32m  OK  [0m] Started Login to default iSCSI targets.
[[0;32m  OK  [0m] Reached target Remote File Systems (Pre).
[[0;32m  OK  [0m] Reached target Remote File Systems.
         Starting Permit User Sessions...
         Starting LSB: daemon to balance interrupts for SMP systems...
         Starting LSB: VirtualBox Linux Additions...
         Starting LSB: automatic crash report generation...
         Starting LSB: Set the CPU Frequency Scaling governor to "ondemand"...
[[0;32m  OK  [0m] Started Permit User Sessions.
         Stopping OpenBSD Secure Shell server...
         Starting Terminate Plymouth Boot Screen...
         Starting Hold until boot process finishes up...
[[0;32m  OK  [0m] Stopped OpenBSD Secure Shell server.
[[0;32m  OK  [0m] Started LSB: daemon to balance interrupts for SMP systems.
[[0;32m  OK  [0m] Started LSB: VirtualBox Linux Additions.
[[0;32m  OK  [0m] Started LSB: automatic crash report generation.
[[0;32m  OK  [0m] Started LSB: Set the CPU Frequency Scaling governor to "ondemand".
[[0;32m  OK  [0m] Started Terminate Plymouth Boot Screen.
[[0;32m  OK  [0m] Started Hold until boot process finishes up.
         Starting Set console scheme...
[[0;32m  OK  [0m] Started Getty on tty1.
[[0;32m  OK  [0m] Started Serial Getty on ttyS0.
[[0;32m  OK  [0m] Reached target Login Prompts.
         Starting OpenBSD Secure Shell server...
[[0;32m  OK  [0m] Started OpenBSD Secure Shell server.
[[0;32m  OK  [0m] Started Set console scheme.
[[0;32m  OK  [0m] Reached target Multi-User System.
[[0;32m  OK  [0m] Reached target Graphical Interface.
         Starting Update UTMP about System Runlevel Changes...
[[0;32m  OK  [0m] Started Update UTMP about System Runlevel Changes.
[[0;32m  OK  [0m] Created slice User Slice of ubuntu.
[   48.445455] cloud-init[1101]: Cloud-init v. 0.7.9 running 'modules:config' at Wed, 21 Feb 2018 15:13:37 +0000. Up 46.42 seconds.
         Starting User Manager for UID 1000...
[[0;32m  OK  [0m] Started User Manager for UID 1000.
[[0;32m  OK  [0m] Started Apply the settings specified in cloud-config.
[[0;32m  OK  [0m] Started Session 1 of user ubuntu.
         Starting Execute cloud user/final scripts...
ci-info: no authorized ssh keys fingerprints found for user ubuntu.
<14>Feb 21 15:13:40 ec2: 
<14>Feb 21 15:13:40 ec2: #############################################################
<14>Feb 21 15:13:40 ec2: -----BEGIN SSH HOST KEY FINGERPRINTS-----
<14>Feb 21 15:13:40 ec2: 1024 SHA256:/gAeR0rssysdvo1JerDnXpuNRgn0oAyon3YGmUsYKog root@ubuntu-xenial (DSA)
<14>Feb 21 15:13:40 ec2: 256 SHA256:SLimM89NXoHnOxHlLaqaRXwYFfIvR0xQXOC8WXRJx3c root@ubuntu-xenial (ECDSA)
<14>Feb 21 15:13:40 ec2: 256 SHA256:KXxQmT8ZRmk6u2rNE76IRs8ONY23NTZay16D91zMgwc root@ubuntu-xenial (ED25519)
<14>Feb 21 15:13:40 ec2: 2048 SHA256:hxTl3qC5Ii4qVthFCSFfGF7dXmXYzc/Y/BFu1rqpQ1o root@ubuntu-xenial (RSA)
<14>Feb 21 15:13:40 ec2: -----END SSH HOST KEY FINGERPRINTS-----
<14>Feb 21 15:13:40 ec2: #############################################################
-----BEGIN SSH HOST KEY KEYS-----
ecdsa-sha2-nistp256 AAAAE2VjZHNhLXNoYTItbmlzdHAyNTYAAAAIbmlzdHAyNTYAAABBBHZVKwN3gdxFdwat3kMmTulDYQz9Ub/GAn6/1Rwdsgr5R4fWy/mSxvwN3YpTygJLxwkk7E8bK/FHXhQYrBRlpIM= root@ubuntu-xenial
ssh-ed25519 AAAAC3NzaC1lZDI1NTE5AAAAINWi3RZ8P7Y+Jceqq1kJHqum/jYR4ufeLqtzEudeEfA9 root@ubuntu-xenial
ssh-rsa AAAAB3NzaC1yc2EAAAADAQABAAABAQCwvMpH1yXNkk8a+eltqvDKFObJ4NqMYgGyDAx4CbBx0A5uxwOhlVsKBTLKoYgHdzBHn5a1jhD1YTOJg5/dQpWLvo9L80OJ6mO4GVF1BYQ2zDiaKP/iGxbyWCAioZ3kYSloVOMLoS112qLV2PT87VTFnmzswudfnRWN0/MttTxXW0LIwZDzOqSzX5ZVUHfzDm9RZiG+evxYt0iJq8Qsb4RsjbH041UsXalkWZhGAmBbwCjKnFoYaWuTIgt8JhnP+42bLGXrwM+jL35olo7jcNiexDSzCn1Olkryfo05WVkyVgO53/0SMV+awW3uPDFXvRzPARoRE02j3Q9OLSiRecmX root@ubuntu-xenial
-----END SSH HOST KEY KEYS-----
[   49.275476] cloud-init[1319]: Cloud-init v. 0.7.9 running 'modules:final' at Wed, 21 Feb 2018 15:13:39 +0000. Up 48.96 seconds.
[   49.316387] cloud-init[1319]: ci-info: no authorized ssh keys fingerprints found for user ubuntu.
[   49.339376] cloud-init[1319]: Cloud-init v. 0.7.9 finished at Wed, 21 Feb 2018 15:13:40 +0000. Datasource DataSourceNoCloud [seed=/dev/sdb][dsmode=net].  Up 49.26 seconds
[[0;32m  OK  [0m] Started Execute cloud user/final scripts.
[[0;32m  OK  [0m] Reached target Cloud-init target.

Ubuntu 16.04.3 LTS ubuntu-xenial ttyS0

ubuntu-xenial login: 